This is pTeX, Version 3.141592-p3.1.9 (sjis) (Web2C 7.5.4) (format=platex-sjis 2005.11.2)  27 MAR 2006 17:36
**fancybox.sty
(./fancybox.sty
pLaTeX2e <2005/01/04>+0 (based on LaTeX2e <2003/12/01> patch level 0)
Style option: `fancybox' v1.0 <93/02/10> (tvz)
\@=\box41

! LaTeX Error: Missing \begin{document}.

See the LaTeX manual or LaTeX Companion for explanation.
Type  H <return>  for immediate help.
 ...                                              
                                                  
l.41 \newbox\@f
               ancybox
? 
! Emergency stop.
 ...                                              
                                                  
l.41 \newbox\@f
               ancybox
You're in trouble here.  Try typing  <return>  to proceed.
If that doesn't work, type  X <return>  to quit.

 
Here is how much of TeX's memory you used:
 9 strings out of 95552
 214 string characters out of 1187504
 46995 words of memory out of 1000000
 3246 multiletter control sequences out of 10000+50000
 7511 words of font info for 31 fonts, out of 500000 for 2000
 14 hyphenation exceptions out of 1000
 5i,0n,8p,89b,14s stack positions out of 1500i,500n,5000p,200000b,5000s
No pages of output.
